2022-11-13 16:34:08.782  INFO 20344 --- [restartedMain] com.bootest.BootestApplication           : Starting BootestApplication using Java 11.0.10 on Kyungeun with PID 20344 (C:\dev\Project2022\target\classes started by az2282 in C:\dev\Project2022)
2022-11-13 16:34:08.792  INFO 20344 --- [restartedMain] com.bootest.BootestApplication           : The following 2 profiles are active: "secure", "dev"
2022-11-13 16:34:08.854  INFO 20344 --- [restartedMain] o.s.b.devtools.restart.ChangeableUrls    : The Class-Path manifest attribute in C:\Users\az228\.m2\repository\org\liquibase\liquibase-core\4.5.0\liquibase-core-4.5.0.jar referenced one or more files that do not exist: file:/C:/Users/az228/.m2/repository/org/liquibase/liquibase-core/4.5.0/snakeyaml-1.27.jar
2022-11-13 16:34:08.855  INFO 20344 --- [restartedMain] .e.DevToolsPropertyDefaultsPostProcessor : Devtools property defaults active! Set 'spring.devtools.add-properties' to 'false' to disable
2022-11-13 16:34:09.795  INFO 20344 --- [restartedMain] .s.d.r.c.RepositoryConfigurationDelegate : Bootstrapping Spring Data JPA repositories in DEFAULT mode.
2022-11-13 16:34:09.877  INFO 20344 --- [restartedMain] .s.d.r.c.RepositoryConfigurationDelegate : Finished Spring Data repository scanning in 67 ms. Found 8 JPA repository interfaces.
2022-11-13 16:34:11.114  INFO 20344 --- [restartedMain] o.s.b.w.embedded.tomcat.TomcatWebServer  : Tomcat initialized with port(s): 8080 (http)
2022-11-13 16:34:11.129  INFO 20344 --- [restartedMain] o.apache.catalina.core.StandardService   : Starting service [Tomcat]
2022-11-13 16:34:11.131  INFO 20344 --- [restartedMain] org.apache.catalina.core.StandardEngine  : Starting Servlet engine: [Apache Tomcat/9.0.60]
2022-11-13 16:34:11.244  INFO 20344 --- [restartedMain] o.a.c.c.C.[Tomcat].[localhost].[/]       : Initializing Spring embedded WebApplicationContext
2022-11-13 16:34:11.244  INFO 20344 --- [restartedMain] w.s.c.ServletWebServerApplicationContext : Root WebApplicationContext: initialization completed in 2388 ms
2022-11-13 16:34:11.309  INFO 20344 --- [restartedMain] com.zaxxer.hikari.HikariDataSource       : HikariPool-1 - Starting...
2022-11-13 16:34:11.557  INFO 20344 --- [restartedMain] com.zaxxer.hikari.HikariDataSource       : HikariPool-1 - Start completed.
2022-11-13 16:34:11.578  INFO 20344 --- [restartedMain] o.s.b.a.h2.H2ConsoleAutoConfiguration    : H2 console available at '/h2-console'. Database available at 'jdbc:mysql://localhost:3306/project2022?serverTimezone=UTC&characterEncoding=UTF-8&serverTimezone=Asia/Seoul&zeroDateTimeBehavior=convertToNull'
2022-11-13 16:34:11.625 DEBUG 20344 --- [restartedMain] o.s.b.w.s.ServletContextInitializerBeans : Mapping filters: characterEncodingFilter urls=[/*] order=-2147483648, formContentFilter urls=[/*] order=-9900, requestContextFilter urls=[/*] order=-105
2022-11-13 16:34:11.626 DEBUG 20344 --- [restartedMain] o.s.b.w.s.ServletContextInitializerBeans : Mapping servlets: dispatcherServlet urls=[/], webServlet urls=[/h2-console/*]
2022-11-13 16:34:12.073  INFO 20344 --- [restartedMain] liquibase.lockservice                    : Successfully acquired change log lock
2022-11-13 16:34:12.345  INFO 20344 --- [restartedMain] liquibase.changelog                      : Reading from project2022.DATABASECHANGELOG
2022-11-13 16:34:12.447  INFO 20344 --- [restartedMain] liquibase.changelog                      : Table optimizer created
2022-11-13 16:34:12.448  INFO 20344 --- [restartedMain] liquibase.changelog                      : ChangeSet classpath:db/changelog/db.changelog-master.yaml::11::ky ran successfully in 50ms
2022-11-13 16:34:12.460  INFO 20344 --- [restartedMain] liquibase.lockservice                    : Successfully released change log lock
2022-11-13 16:34:12.555  INFO 20344 --- [restartedMain] o.hibernate.jpa.internal.util.LogHelper  : HHH000204: Processing PersistenceUnitInfo [name: default]
2022-11-13 16:34:12.622  INFO 20344 --- [restartedMain] org.hibernate.Version                    : HHH000412: Hibernate ORM core version 5.6.7.Final
2022-11-13 16:34:12.795  INFO 20344 --- [restartedMain] o.hibernate.annotations.common.Version   : HCANN000001: Hibernate Commons Annotations {5.1.2.Final}
2022-11-13 16:34:12.903  INFO 20344 --- [restartedMain] org.hibernate.dialect.Dialect            : HHH000400: Using dialect: org.hibernate.dialect.MySQL5InnoDBDialect
2022-11-13 16:34:13.576  INFO 20344 --- [restartedMain] o.h.e.t.j.p.i.JtaPlatformInitiator       : HHH000490: Using JtaPlatform implementation: [org.hibernate.engine.transaction.jta.platform.internal.NoJtaPlatform]
2022-11-13 16:34:13.595  INFO 20344 --- [restartedMain] j.LocalContainerEntityManagerFactoryBean : Initialized JPA EntityManagerFactory for persistence unit 'default'
2022-11-13 16:34:14.851 DEBUG 20344 --- [restartedMain] s.w.s.m.m.a.RequestMappingHandlerMapping : 30 mappings in 'requestMappingHandlerMapping'
2022-11-13 16:34:15.268  INFO 20344 --- [restartedMain] o.s.b.d.a.OptionalLiveReloadServer       : LiveReload server is running on port 35729
2022-11-13 16:34:15.279 DEBUG 20344 --- [restartedMain] s.w.s.m.m.a.RequestMappingHandlerAdapter : ControllerAdvice beans: 0 @ModelAttribute, 0 @InitBinder, 1 RequestBodyAdvice, 1 ResponseBodyAdvice
2022-11-13 16:34:15.313  INFO 20344 --- [restartedMain] o.s.b.a.w.s.WelcomePageHandlerMapping    : Adding welcome page template: index
2022-11-13 16:34:15.351 DEBUG 20344 --- [restartedMain] o.s.w.s.handler.SimpleUrlHandlerMapping  : Patterns [/swagger-ui/] in 'viewControllerHandlerMapping'
2022-11-13 16:34:15.385 DEBUG 20344 --- [restartedMain] o.s.w.s.handler.SimpleUrlHandlerMapping  : Patterns [/webjars/**, /**, /swagger-ui/**] in 'resourceHandlerMapping'
2022-11-13 16:34:15.402 DEBUG 20344 --- [restartedMain] .m.m.a.ExceptionHandlerExceptionResolver : ControllerAdvice beans: 1 @ExceptionHandler, 1 ResponseBodyAdvice
2022-11-13 16:34:16.114  INFO 20344 --- [restartedMain] o.s.b.w.embedded.tomcat.TomcatWebServer  : Tomcat started on port(s): 8080 (http) with context path ''
2022-11-13 16:34:16.455  INFO 20344 --- [restartedMain] com.bootest.BootestApplication           : Started BootestApplication in 8.134 seconds (JVM running for 8.669)
